[0.011s] Invoking command in '/home/terence/px4_ros2_ws/src/px4_ros_com/build/px4_ros_com': CMAKE_PREFIX_PATH=/opt/ros/foxy /usr/bin/cmake /home/terence/px4_ros2_ws/src/px4_ros_com -DCMAKE_INSTALL_PREFIX=/home/terence/px4_ros2_ws/src/px4_ros_com/install/px4_ros_com
[0.117s] -- The C compiler identification is GNU 9.4.0
[0.197s] -- The CXX compiler identification is GNU 9.4.0
[0.203s] -- Check for working C compiler: /usr/bin/cc
[0.250s] -- Check for working C compiler: /usr/bin/cc -- works
[0.251s] -- Detecting C compiler ABI info
[0.305s] -- Detecting C compiler ABI info - done
[0.318s] -- Detecting C compile features
[0.319s] -- Detecting C compile features - done
[0.322s] -- Check for working CXX compiler: /usr/bin/c++
[0.402s] -- Check for working CXX compiler: /usr/bin/c++ -- works
[0.403s] -- Detecting CXX compiler ABI info
[0.486s] -- Detecting CXX compiler ABI info - done
[0.499s] -- Detecting CXX compile features
[0.499s] -- Detecting CXX compile features - done
[0.503s] -- Found ament_cmake: 0.9.11 (/opt/ros/foxy/share/ament_cmake/cmake)
[0.523s] -- Found PythonInterp: /usr/bin/python3 (found suitable version "3.8.10", minimum required is "3") 
[0.523s] -- Using PYTHON_EXECUTABLE: /usr/bin/python3
[0.659s] -- Found builtin_interfaces: 1.0.0 (/opt/ros/foxy/share/builtin_interfaces/cmake)
[0.683s] -- Using all available rosidl_typesupport_c: rosidl_typesupport_fastrtps_c;rosidl_typesupport_introspection_c
[0.689s] -- Found rosidl_adapter: 1.3.0 (/opt/ros/foxy/share/rosidl_adapter/cmake)
[0.744s] -- Found OpenSSL: /usr/lib/x86_64-linux-gnu/libcrypto.so (found version "1.1.1f")  
[0.764s] -- Found FastRTPS: /opt/ros/foxy/include  
[0.822s] -- Using all available rosidl_typesupport_cpp: rosidl_typesupport_fastrtps_cpp;rosidl_typesupport_introspection_cpp
[0.846s] -- Found eigen3_cmake_module: 0.1.1 (/opt/ros/foxy/share/eigen3_cmake_module/cmake)
[0.849s] -- Found Eigen3: TRUE (found version "3.3.7") 
[0.850s] -- Found geometry_msgs: 2.0.5 (/opt/ros/foxy/share/geometry_msgs/cmake)
[0.905s] CMake Error at CMakeLists.txt:25 (find_package):
[0.905s]   By not providing "Findpx4_msgs.cmake" in CMAKE_MODULE_PATH this project has
[0.905s]   asked CMake to find a package configuration file provided by "px4_msgs",
[0.905s]   but CMake did not find one.
[0.905s] 
[0.905s]   Could not find a package configuration file provided by "px4_msgs" with any
[0.905s]   of the following names:
[0.905s] 
[0.905s]     px4_msgsConfig.cmake
[0.905s]     px4_msgs-config.cmake
[0.905s] 
[0.905s]   Add the installation prefix of "px4_msgs" to CMAKE_PREFIX_PATH or set
[0.905s]   "px4_msgs_DIR" to a directory containing one of the above files.  If
[0.905s]   "px4_msgs" provides a separate development package or SDK, be sure it has
[0.906s]   been installed.
[0.906s] 
[0.906s] 
[0.906s] -- Configuring incomplete, errors occurred!
[0.906s] See also "/home/terence/px4_ros2_ws/src/px4_ros_com/build/px4_ros_com/CMakeFiles/CMakeOutput.log".
[0.911s] Invoked command in '/home/terence/px4_ros2_ws/src/px4_ros_com/build/px4_ros_com' returned '1': CMAKE_PREFIX_PATH=/opt/ros/foxy /usr/bin/cmake /home/terence/px4_ros2_ws/src/px4_ros_com -DCMAKE_INSTALL_PREFIX=/home/terence/px4_ros2_ws/src/px4_ros_com/install/px4_ros_com
