[0.262s] DEBUG:colcon:Command line arguments: ['/usr/bin/colcon', 'build']
[0.262s] DEBUG:colcon:Parsed command line arguments: Namespace(allow_overriding=[], ament_cmake_args=None, base_paths=['.'], build_base='build', catkin_cmake_args=None, catkin_skip_building_tests=False, cmake_args=None, cmake_clean_cache=False, cmake_clean_first=False, cmake_force_configure=False, cmake_target=None, cmake_target_skip_unavailable=False, continue_on_error=False, event_handlers=None, executor='parallel', ignore_user_meta=False, install_base='install', log_base=None, log_level=None, main=<bound method BuildVerb.main of <colcon_core.verb.build.BuildVerb object at 0x7f25f0d881c0>>, merge_install=False, metas=['./colcon.meta'], packages_above=None, packages_above_and_dependencies=None, packages_above_depth=None, packages_end=None, packages_ignore=None, packages_ignore_regex=None, packages_select=None, packages_select_build_failed=False, packages_select_by_dep=None, packages_select_regex=None, packages_select_test_failures=False, packages_skip=None, packages_skip_build_finished=False, packages_skip_by_dep=None, packages_skip_regex=None, packages_skip_test_passed=False, packages_skip_up_to=None, packages_start=None, packages_up_to=None, packages_up_to_regex=None, parallel_workers=16, paths=None, symlink_install=False, test_result_base=None, verb_extension=<colcon_core.verb.build.BuildVerb object at 0x7f25f0d881c0>, verb_name='build', verb_parser=<colcon_defaults.argument_parser.defaults.DefaultArgumentsDecorator object at 0x7f25f0c11b20>)
[0.294s] Level 1:colcon.colcon_core.package_discovery:discover_packages(colcon_meta) check parameters
[0.294s] Level 1:colcon.colcon_core.package_discovery:discover_packages(recursive) check parameters
[0.294s] Level 1:colcon.colcon_core.package_discovery:discover_packages(ignore) check parameters
[0.294s] Level 1:colcon.colcon_core.package_discovery:discover_packages(path) check parameters
[0.294s] Level 1:colcon.colcon_core.package_discovery:discover_packages(colcon_meta) discover
[0.294s] Level 1:colcon.colcon_core.package_discovery:discover_packages(recursive) discover
[0.294s] INFO:colcon.colcon_core.package_discovery:Crawling recursively for packages in '/home/terence/px4_ros2_ws/src/px4_ros_com'
[0.294s] Level 1:colcon.colcon_core.package_identification:_identify(.) by extensions ['ignore', 'ignore_ament_install']
[0.294s] Level 1:colcon.colcon_core.package_identification:_identify(.) by extension 'ignore'
[0.294s] Level 1:colcon.colcon_core.package_identification:_identify(.) by extension 'ignore_ament_install'
[0.295s] Level 1:colcon.colcon_core.package_identification:_identify(.) by extensions ['colcon_pkg']
[0.295s] Level 1:colcon.colcon_core.package_identification:_identify(.) by extension 'colcon_pkg'
[0.295s] Level 1:colcon.colcon_core.package_identification:_identify(.) by extensions ['colcon_meta']
[0.295s] Level 1:colcon.colcon_core.package_identification:_identify(.) by extension 'colcon_meta'
[0.295s] Level 1:colcon.colcon_core.package_identification:_identify(.) by extensions ['ros']
[0.295s] Level 1:colcon.colcon_core.package_identification:_identify(.) by extension 'ros'
[0.309s] DEBUG:colcon.colcon_core.package_identification:Package '.' with type 'ros.ament_cmake' and name 'px4_ros_com'
[0.309s] Level 1:colcon.colcon_core.package_discovery:discover_packages(recursive) using defaults
[0.309s] Level 1:colcon.colcon_core.package_discovery:discover_packages(ignore) discover
[0.309s] Level 1:colcon.colcon_core.package_discovery:discover_packages(ignore) using defaults
[0.309s] Level 1:colcon.colcon_core.package_discovery:discover_packages(path) discover
[0.309s] Level 1:colcon.colcon_core.package_discovery:discover_packages(path) using defaults
[0.331s] Level 1:colcon.colcon_core.package_discovery:discover_packages(prefix_path) check parameters
[0.331s] Level 1:colcon.colcon_core.package_discovery:discover_packages(prefix_path) discover
[0.334s] DEBUG:colcon.colcon_installed_package_information.package_discovery:Found 264 installed packages in /opt/ros/foxy
[0.336s] Level 1:colcon.colcon_core.package_discovery:discover_packages(prefix_path) using defaults
[0.377s] Level 5:colcon.colcon_core.verb:set package 'px4_ros_com' build argument 'cmake_args' from command line to 'None'
[0.377s] Level 5:colcon.colcon_core.verb:set package 'px4_ros_com' build argument 'cmake_target' from command line to 'None'
[0.377s] Level 5:colcon.colcon_core.verb:set package 'px4_ros_com' build argument 'cmake_target_skip_unavailable' from command line to 'False'
[0.377s] Level 5:colcon.colcon_core.verb:set package 'px4_ros_com' build argument 'cmake_clean_cache' from command line to 'False'
[0.377s] Level 5:colcon.colcon_core.verb:set package 'px4_ros_com' build argument 'cmake_clean_first' from command line to 'False'
[0.377s] Level 5:colcon.colcon_core.verb:set package 'px4_ros_com' build argument 'cmake_force_configure' from command line to 'False'
[0.377s] Level 5:colcon.colcon_core.verb:set package 'px4_ros_com' build argument 'ament_cmake_args' from command line to 'None'
[0.377s] Level 5:colcon.colcon_core.verb:set package 'px4_ros_com' build argument 'catkin_cmake_args' from command line to 'None'
[0.377s] Level 5:colcon.colcon_core.verb:set package 'px4_ros_com' build argument 'catkin_skip_building_tests' from command line to 'False'
[0.377s] DEBUG:colcon.colcon_core.verb:Building package 'px4_ros_com' with the following arguments: {'ament_cmake_args': None, 'build_base': '/home/terence/px4_ros2_ws/src/px4_ros_com/build/px4_ros_com', 'catkin_cmake_args': None, 'catkin_skip_building_tests': False, 'cmake_args': None, 'cmake_clean_cache': False, 'cmake_clean_first': False, 'cmake_force_configure': False, 'cmake_target': None, 'cmake_target_skip_unavailable': False, 'install_base': '/home/terence/px4_ros2_ws/src/px4_ros_com/install/px4_ros_com', 'merge_install': False, 'path': '/home/terence/px4_ros2_ws/src/px4_ros_com', 'symlink_install': False, 'test_result_base': None}
[0.377s] INFO:colcon.colcon_core.executor:Executing jobs using 'parallel' executor
[0.380s] DEBUG:colcon.colcon_parallel_executor.executor.parallel:run_until_complete
[0.380s] INFO:colcon.colcon_ros.task.ament_cmake.build:Building ROS package in '/home/terence/px4_ros2_ws/src/px4_ros_com' with build type 'ament_cmake'
[0.380s] INFO:colcon.colcon_cmake.task.cmake.build:Building CMake package in '/home/terence/px4_ros2_ws/src/px4_ros_com'
[0.385s] INFO:colcon.colcon_core.plugin_system:Skipping extension 'colcon_core.shell.bat': Not used on non-Windows systems
[0.385s] INFO:colcon.colcon_core.shell:Skip shell extension 'powershell' for command environment: Not usable outside of PowerShell
[0.385s] DEBUG:colcon.colcon_core.shell:Skip shell extension 'dsv' for command environment
[0.392s] DEBUG:colcon.colcon_core.event_handler.log_command:Invoking command in '/home/terence/px4_ros2_ws/src/px4_ros_com/build/px4_ros_com': CMAKE_PREFIX_PATH=/opt/ros/foxy /usr/bin/cmake /home/terence/px4_ros2_ws/src/px4_ros_com -DCMAKE_INSTALL_PREFIX=/home/terence/px4_ros2_ws/src/px4_ros_com/install/px4_ros_com
[1.291s] DEBUG:colcon.colcon_core.event_handler.log_command:Invoked command in '/home/terence/px4_ros2_ws/src/px4_ros_com/build/px4_ros_com' returned '1': CMAKE_PREFIX_PATH=/opt/ros/foxy /usr/bin/cmake /home/terence/px4_ros2_ws/src/px4_ros_com -DCMAKE_INSTALL_PREFIX=/home/terence/px4_ros2_ws/src/px4_ros_com/install/px4_ros_com
[1.300s] Level 1:colcon.colcon_core.environment:create_environment_scripts_only(px4_ros_com)
[1.306s] Level 1:colcon.colcon_core.environment:checking '/home/terence/px4_ros2_ws/src/px4_ros_com/install/px4_ros_com' for CMake module files
[1.306s] Level 1:colcon.colcon_core.environment:checking '/home/terence/px4_ros2_ws/src/px4_ros_com/install/px4_ros_com' for CMake config files
[1.307s] Level 1:colcon.colcon_core.environment:checking '/home/terence/px4_ros2_ws/src/px4_ros_com/install/px4_ros_com/bin'
[1.307s] Level 1:colcon.colcon_core.environment:checking '/home/terence/px4_ros2_ws/src/px4_ros_com/install/px4_ros_com/lib/pkgconfig/px4_ros_com.pc'
[1.307s] Level 1:colcon.colcon_core.environment:checking '/home/terence/px4_ros2_ws/src/px4_ros_com/install/px4_ros_com/lib/python3.8/site-packages'
[1.307s] Level 1:colcon.colcon_core.environment:checking '/home/terence/px4_ros2_ws/src/px4_ros_com/install/px4_ros_com/bin'
[1.315s] INFO:colcon.colcon_core.shell:Creating package script '/home/terence/px4_ros2_ws/src/px4_ros_com/install/px4_ros_com/share/px4_ros_com/package.ps1'
[1.316s] INFO:colcon.colcon_core.shell:Creating package descriptor '/home/terence/px4_ros2_ws/src/px4_ros_com/install/px4_ros_com/share/px4_ros_com/package.dsv'
[1.317s] INFO:colcon.colcon_core.shell:Creating package script '/home/terence/px4_ros2_ws/src/px4_ros_com/install/px4_ros_com/share/px4_ros_com/package.sh'
[1.317s] INFO:colcon.colcon_core.shell:Creating package script '/home/terence/px4_ros2_ws/src/px4_ros_com/install/px4_ros_com/share/px4_ros_com/package.bash'
[1.318s] INFO:colcon.colcon_core.shell:Creating package script '/home/terence/px4_ros2_ws/src/px4_ros_com/install/px4_ros_com/share/px4_ros_com/package.zsh'
[1.319s] Level 1:colcon.colcon_core.environment:create_file_with_runtime_dependencies(/home/terence/px4_ros2_ws/src/px4_ros_com/install/px4_ros_com/share/colcon-core/packages/px4_ros_com)
[1.329s] DEBUG:colcon.colcon_parallel_executor.executor.parallel:closing loop
[1.330s] DEBUG:colcon.colcon_parallel_executor.executor.parallel:loop closed
[1.330s] DEBUG:colcon.colcon_parallel_executor.executor.parallel:run_until_complete finished with '1'
[1.330s] DEBUG:colcon.colcon_core.event_reactor:joining thread
[1.334s] INFO:colcon.colcon_core.plugin_system:Skipping extension 'colcon_notification.desktop_notification.terminal_notifier': Not used on non-Darwin systems
[1.334s] INFO:colcon.colcon_core.plugin_system:Skipping extension 'colcon_notification.desktop_notification.win32': Not used on non-Windows systems
[1.334s] INFO:colcon.colcon_notification.desktop_notification:Sending desktop notification using 'notify2'
[1.345s] DEBUG:colcon.colcon_core.event_reactor:joined thread
[1.347s] INFO:colcon.colcon_core.shell:Creating prefix script '/home/terence/px4_ros2_ws/src/px4_ros_com/install/local_setup.ps1'
[1.347s] INFO:colcon.colcon_core.shell:Creating prefix util module '/home/terence/px4_ros2_ws/src/px4_ros_com/install/_local_setup_util_ps1.py'
[1.348s] INFO:colcon.colcon_core.shell:Creating prefix chain script '/home/terence/px4_ros2_ws/src/px4_ros_com/install/setup.ps1'
[1.352s] INFO:colcon.colcon_core.shell:Creating prefix script '/home/terence/px4_ros2_ws/src/px4_ros_com/install/local_setup.sh'
[1.353s] INFO:colcon.colcon_core.shell:Creating prefix util module '/home/terence/px4_ros2_ws/src/px4_ros_com/install/_local_setup_util_sh.py'
[1.353s] INFO:colcon.colcon_core.shell:Creating prefix chain script '/home/terence/px4_ros2_ws/src/px4_ros_com/install/setup.sh'
[1.354s] INFO:colcon.colcon_core.shell:Creating prefix script '/home/terence/px4_ros2_ws/src/px4_ros_com/install/local_setup.bash'
[1.355s] INFO:colcon.colcon_core.shell:Creating prefix chain script '/home/terence/px4_ros2_ws/src/px4_ros_com/install/setup.bash'
[1.355s] INFO:colcon.colcon_core.shell:Creating prefix script '/home/terence/px4_ros2_ws/src/px4_ros_com/install/local_setup.zsh'
[1.356s] INFO:colcon.colcon_core.shell:Creating prefix chain script '/home/terence/px4_ros2_ws/src/px4_ros_com/install/setup.zsh'
