-- Found ament_cmake: 0.9.11 (/opt/ros/foxy/share/ament_cmake/cmake)
-- Using PYTHON_EXECUTABLE: /usr/bin/python3
-- Found builtin_interfaces: 1.0.0 (/opt/ros/foxy/share/builtin_interfaces/cmake)
-- Using all available rosidl_typesupport_c: rosidl_typesupport_fastrtps_c;rosidl_typesupport_introspection_c
-- Found rosidl_adapter: 1.3.0 (/opt/ros/foxy/share/rosidl_adapter/cmake)
-- Using all available rosidl_typesupport_cpp: rosidl_typesupport_fastrtps_cpp;rosidl_typesupport_introspection_cpp
-- Found eigen3_cmake_module: 0.1.1 (/opt/ros/foxy/share/eigen3_cmake_module/cmake)
-- Found geometry_msgs: 2.0.5 (/opt/ros/foxy/share/geometry_msgs/cmake)
CMake Error at CMakeLists.txt:25 (find_package):
  By not providing "Findpx4_msgs.cmake" in CMAKE_MODULE_PATH this project has
  asked CMake to find a package configuration file provided by "px4_msgs",
  but CMake did not find one.

  Could not find a package configuration file provided by "px4_msgs" with any
  of the following names:

    px4_msgsConfig.cmake
    px4_msgs-config.cmake

  Add the installation prefix of "px4_msgs" to CMAKE_PREFIX_PATH or set
  "px4_msgs_DIR" to a directory containing one of the above files.  If
  "px4_msgs" provides a separate development package or SDK, be sure it has
  been installed.


-- Configuring incomplete, errors occurred!
See also "/home/terence/px4_ros2_ws/src/px4_ros_com/build/px4_ros_com/CMakeFiles/CMakeOutput.log".
